<?xml version="1.0" encoding="UTF-8"?>
<testng-results ignored="0" total="1" passed="1" failed="0" skipped="0">
  <reporter-output>
  </reporter-output>
  <suite started-at="2023-10-08T19:32:54 GMT+12:00" name="Default suite" finished-at="2023-10-08T19:33:04 GMT+12:00" duration-ms="10048">
    <groups>
    </groups>
    <test started-at="2023-10-08T19:32:54 GMT+12:00" name="Default test" finished-at="2023-10-08T19:33:04 GMT+12:00" duration-ms="10048">
      <class name="test.FbloginTest">
        <test-method is-config="true" signature="setUp()[pri:0, instance:test.FbloginTest@26d9b808]" started-at="2023-10-08T19:32:54 GMT+12:00" name="setUp" finished-at="2023-10-08T19:33:04 GMT+12:00" duration-ms="9781" status="PASS">
          <reporter-output>
          </reporter-output>
        </test-method> <!-- setUp -->
        <test-method signature="test()[pri:0, instance:test.FbloginTest@26d9b808]" started-at="2023-10-08T19:33:04 GMT+12:00" name="test" finished-at="2023-10-08T19:33:04 GMT+12:00" duration-ms="233" status="PASS">
          <reporter-output>
          </reporter-output>
        </test-method> <!-- test -->
      </class> <!-- test.FbloginTest -->
    </test> <!-- Default test -->
  </suite> <!-- Default suite -->
</testng-results>
